<?xml version="1.0" encoding="UTF-8"?>
<!-- Generated by org.testng.reporters.JUnitXMLReporter -->
<testsuite ignored="0" hostname="LAPTOP-TPJ9JO57" failures="1" tests="1" name="Test" time="17.346" errors="0" timestamp="2022-07-21T16:40:13 IST">
  <testcase classname="TestNGKite.TestKite" name="ValidateUsername" time="0.929">
    <failure type="java.lang.AssertionError" message="null">
      <![CDATA[java.lang.AssertionError: null
at TestNGKite.TestKite.ValidateUsername(TestKite.java:50)
at java.base/java.util.ArrayList.forEach(ArrayList.java:1541)
... Removed 29 stack frames]]>
    </failure>
  </testcase> <!-- ValidateUsername -->
</testsuite> <!-- Test -->
